  [4;36;1mSQL (0.2ms)[0m   [0;1mSET NAMES 'utf8'[0m
  [4;35;1mSQL (0.1ms)[0m   [0mSET SQL_AUTO_IS_NULL=0[0m
  [4;36;1mSQL (0.2ms)[0m   [0;1mSHOW TABLES[0m
  [4;35;1mSQL (24.6ms)[0m   [0mCREATE TABLE `schema_migrations` (`version` varchar(255) NOT NULL) ENGINE=InnoDB[0m
  [4;36;1mSQL (36.7ms)[0m   [0;1mCREATE UNIQUE INDEX `unique_schema_migrations` ON `schema_migrations` (`version`)[0m
  [4;35;1mSQL (0.3ms)[0m   [0mSHOW TABLES[0m
  [4;36;1mSQL (0.3ms)[0m   [0;1mSELECT version FROM schema_migrations[0m
Migrating to CreateUsers (20091126155346)
  [4;35;1mSQL (14.5ms)[0m   [0mCREATE TABLE `users` (`id` int(11) DEFAULT NULL auto_increment PRIMARY KEY, `created_at` datetime, `updated_at` datetime) ENGINE=InnoDB[0m
  [4;36;1mSQL (0.5ms)[0m   [0;1mINSERT INTO schema_migrations (version) VALUES ('20091126155346')[0m
  [4;35;1mSQL (0.3ms)[0m   [0mSHOW TABLES[0m
  [4;36;1mSQL (0.1ms)[0m   [0;1mSELECT version FROM schema_migrations[0m
  [4;35;1mSQL (0.1ms)[0m   [0mSHOW TABLES[0m
  [4;36;1mSQL (0.9ms)[0m   [0;1mSHOW FIELDS FROM `users`[0m
  [4;35;1mSQL (0.6ms)[0m   [0mdescribe `users`[0m
  [4;36;1mSQL (8.9ms)[0m   [0;1mSHOW KEYS FROM `users`[0m
  [4;36;1mSQL (0.1ms)[0m   [0;1mSET NAMES 'utf8'[0m
  [4;35;1mSQL (0.1ms)[0m   [0mSET SQL_AUTO_IS_NULL=0[0m


Processing UsersController#new (for 130.79.7.1 at 2009-12-03 15:22:38) [GET]
  Parameters: {"action"=>"new", "controller"=>"users"}

SyntaxError (/users/info/licprosil_ars/3mhelleringer/blog/switter/app/models/user.rb:3: syntax error, unexpected $end, expecting kEND):
  app/controllers/application_controller.rb:16:in `current_user_session'
  app/controllers/application_controller.rb:21:in `current_user'
  app/controllers/application_controller.rb:35:in `require_no_user'
  /usr/lib/ruby/1.8/webrick/httpserver.rb:104:in `service'
  /usr/lib/ruby/1.8/webrick/httpserver.rb:65:in `run'
  /usr/lib/ruby/1.8/webrick/server.rb:173:in `start_thread'
  /usr/lib/ruby/1.8/webrick/server.rb:162:in `start'
  /usr/lib/ruby/1.8/webrick/server.rb:162:in `start_thread'
  /usr/lib/ruby/1.8/webrick/server.rb:95:in `start'
  /usr/lib/ruby/1.8/webrick/server.rb:92:in `each'
  /usr/lib/ruby/1.8/webrick/server.rb:92:in `start'
  /usr/lib/ruby/1.8/webrick/server.rb:23:in `start'
  /usr/lib/ruby/1.8/webrick/server.rb:82:in `start'

Rendered rescues/_trace (87.4ms)
Rendered rescues/_request_and_response (1.3ms)
Rendering rescues/layout (internal_server_error)
  [4;36;1mSQL (0.1ms)[0m   [0;1mSET NAMES 'utf8'[0m
  [4;35;1mSQL (0.1ms)[0m   [0mSET SQL_AUTO_IS_NULL=0[0m


Processing UsersController#new (for 130.79.7.1 at 2009-12-03 15:22:55) [GET]
  Parameters: {"action"=>"new", "controller"=>"users"}

SyntaxError (/users/info/licprosil_ars/3mhelleringer/blog/switter/app/models/user.rb:3: syntax error, unexpected $end, expecting kEND):
  app/controllers/application_controller.rb:16:in `current_user_session'
  app/controllers/application_controller.rb:21:in `current_user'
  app/controllers/application_controller.rb:35:in `require_no_user'
  /usr/lib/ruby/1.8/webrick/httpserver.rb:104:in `service'
  /usr/lib/ruby/1.8/webrick/httpserver.rb:65:in `run'
  /usr/lib/ruby/1.8/webrick/server.rb:173:in `start_thread'
  /usr/lib/ruby/1.8/webrick/server.rb:162:in `start'
  /usr/lib/ruby/1.8/webrick/server.rb:162:in `start_thread'
  /usr/lib/ruby/1.8/webrick/server.rb:95:in `start'
  /usr/lib/ruby/1.8/webrick/server.rb:92:in `each'
  /usr/lib/ruby/1.8/webrick/server.rb:92:in `start'
  /usr/lib/ruby/1.8/webrick/server.rb:23:in `start'
  /usr/lib/ruby/1.8/webrick/server.rb:82:in `start'

Rendered rescues/_trace (37.6ms)
Rendered rescues/_request_and_response (0.3ms)
Rendering rescues/layout (internal_server_error)
  [4;36;1mSQL (0.1ms)[0m   [0;1mSET NAMES 'utf8'[0m
  [4;35;1mSQL (0.1ms)[0m   [0mSET SQL_AUTO_IS_NULL=0[0m


Processing UsersController#new (for 130.79.7.1 at 2009-12-03 15:25:33) [GET]
  Parameters: {"action"=>"new", "controller"=>"users"}

SyntaxError (/users/info/licprosil_ars/3mhelleringer/blog/switter/app/models/user.rb:3: syntax error, unexpected $end, expecting kEND):
  app/controllers/application_controller.rb:16:in `current_user_session'
  app/controllers/application_controller.rb:21:in `current_user'
  app/controllers/application_controller.rb:35:in `require_no_user'
  /usr/lib/ruby/1.8/webrick/httpserver.rb:104:in `service'
  /usr/lib/ruby/1.8/webrick/httpserver.rb:65:in `run'
  /usr/lib/ruby/1.8/webrick/server.rb:173:in `start_thread'
  /usr/lib/ruby/1.8/webrick/server.rb:162:in `start'
  /usr/lib/ruby/1.8/webrick/server.rb:162:in `start_thread'
  /usr/lib/ruby/1.8/webrick/server.rb:95:in `start'
  /usr/lib/ruby/1.8/webrick/server.rb:92:in `each'
  /usr/lib/ruby/1.8/webrick/server.rb:92:in `start'
  /usr/lib/ruby/1.8/webrick/server.rb:23:in `start'
  /usr/lib/ruby/1.8/webrick/server.rb:82:in `start'

Rendered rescues/_trace (39.1ms)
Rendered rescues/_request_and_response (1.3ms)
Rendering rescues/layout (internal_server_error)
  [4;36;1mSQL (0.1ms)[0m   [0;1mSET NAMES 'utf8'[0m
  [4;35;1mSQL (0.1ms)[0m   [0mSET SQL_AUTO_IS_NULL=0[0m


Processing UsersController#new (for 130.79.7.1 at 2009-12-03 15:32:09) [GET]
  Parameters: {"action"=>"new", "controller"=>"users"}
  [4;36;1mUser Columns (0.8ms)[0m   [0;1mSHOW FIELDS FROM `users`[0m
Rendering users/new

ActionView::TemplateError (undefined method `login' for #<User id: nil, created_at: nil, updated_at: nil>) on line #2 of app/views/users/_form.erb:
1: <%= form.label :login %><br />
2: <%= form.text_field :login %><br />
3: <br />
4: <%= form.label :password, form.object.new_record? ? nil : "Change password" %><br />
5: <%= form.password_field :password %><br />

    app/views/users/_form.erb:2
    app/views/users/new.html.erb:5
    app/views/users/new.html.erb:3
    /usr/lib/ruby/1.8/webrick/httpserver.rb:104:in `service'
    /usr/lib/ruby/1.8/webrick/httpserver.rb:65:in `run'
    /usr/lib/ruby/1.8/webrick/server.rb:173:in `start_thread'
    /usr/lib/ruby/1.8/webrick/server.rb:162:in `start'
    /usr/lib/ruby/1.8/webrick/server.rb:162:in `start_thread'
    /usr/lib/ruby/1.8/webrick/server.rb:95:in `start'
    /usr/lib/ruby/1.8/webrick/server.rb:92:in `each'
    /usr/lib/ruby/1.8/webrick/server.rb:92:in `start'
    /usr/lib/ruby/1.8/webrick/server.rb:23:in `start'
    /usr/lib/ruby/1.8/webrick/server.rb:82:in `start'

Rendered rescues/_trace (45.7ms)
Rendered rescues/_request_and_response (0.3ms)
Rendering rescues/layout (internal_server_error)
  [4;35;1mSQL (0.1ms)[0m   [0mSET NAMES 'utf8'[0m
  [4;36;1mSQL (0.1ms)[0m   [0;1mSET SQL_AUTO_IS_NULL=0[0m


Processing UsersController#new (for 130.79.7.1 at 2009-12-03 15:32:12) [GET]
  Parameters: {"action"=>"new", "controller"=>"users"}
  [4;35;1mUser Columns (0.8ms)[0m   [0mSHOW FIELDS FROM `users`[0m
Rendering users/new

ActionView::TemplateError (undefined method `login' for #<User id: nil, created_at: nil, updated_at: nil>) on line #2 of app/views/users/_form.erb:
1: <%= form.label :login %><br />
2: <%= form.text_field :login %><br />
3: <br />
4: <%= form.label :password, form.object.new_record? ? nil : "Change password" %><br />
5: <%= form.password_field :password %><br />

    app/views/users/_form.erb:2
    app/views/users/new.html.erb:5
    app/views/users/new.html.erb:3
    /usr/lib/ruby/1.8/webrick/httpserver.rb:104:in `service'
    /usr/lib/ruby/1.8/webrick/httpserver.rb:65:in `run'
    /usr/lib/ruby/1.8/webrick/server.rb:173:in `start_thread'
    /usr/lib/ruby/1.8/webrick/server.rb:162:in `start'
    /usr/lib/ruby/1.8/webrick/server.rb:162:in `start_thread'
    /usr/lib/ruby/1.8/webrick/server.rb:95:in `start'
    /usr/lib/ruby/1.8/webrick/server.rb:92:in `each'
    /usr/lib/ruby/1.8/webrick/server.rb:92:in `start'
    /usr/lib/ruby/1.8/webrick/server.rb:23:in `start'
    /usr/lib/ruby/1.8/webrick/server.rb:82:in `start'

Rendered rescues/_trace (45.4ms)
Rendered rescues/_request_and_response (0.3ms)
Rendering rescues/layout (internal_server_error)
  [4;36;1mSQL (0.1ms)[0m   [0;1mSET NAMES 'utf8'[0m
  [4;35;1mSQL (0.1ms)[0m   [0mSET SQL_AUTO_IS_NULL=0[0m


Processing UsersController#new (for 130.79.7.1 at 2009-12-03 15:48:41) [GET]
  Parameters: {"action"=>"new", "controller"=>"users"}
  [4;36;1mUser Columns (0.8ms)[0m   [0;1mSHOW FIELDS FROM `users`[0m
Rendering users/new

ActionView::TemplateError (undefined method `login' for #<User id: nil, created_at: nil, updated_at: nil>) on line #2 of app/views/users/_form.erb:
1: <%= form.label :login %><br />
2: <%= form.text_field :login %><br />
3: <br />
4: <%= form.label :password, form.object.new_record? ? nil : "Change 
5: password" %><br />

    app/views/users/_form.erb:2
    app/views/users/new.html.erb:5
    app/views/users/new.html.erb:3
    /usr/lib/ruby/1.8/webrick/httpserver.rb:104:in `service'
    /usr/lib/ruby/1.8/webrick/httpserver.rb:65:in `run'
    /usr/lib/ruby/1.8/webrick/server.rb:173:in `start_thread'
    /usr/lib/ruby/1.8/webrick/server.rb:162:in `start'
    /usr/lib/ruby/1.8/webrick/server.rb:162:in `start_thread'
    /usr/lib/ruby/1.8/webrick/server.rb:95:in `start'
    /usr/lib/ruby/1.8/webrick/server.rb:92:in `each'
    /usr/lib/ruby/1.8/webrick/server.rb:92:in `start'
    /usr/lib/ruby/1.8/webrick/server.rb:23:in `start'
    /usr/lib/ruby/1.8/webrick/server.rb:82:in `start'

Rendered rescues/_trace (93.0ms)
Rendered rescues/_request_and_response (1.3ms)
Rendering rescues/layout (internal_server_error)
  [4;36;1mSQL (0.1ms)[0m   [0;1mSET NAMES 'utf8'[0m
  [4;35;1mSQL (0.1ms)[0m   [0mSET SQL_AUTO_IS_NULL=0[0m
  [4;36;1mSQL (0.3ms)[0m   [0;1mSHOW TABLES[0m
  [4;35;1mSQL (13.9ms)[0m   [0mCREATE TABLE `schema_migrations` (`version` varchar(255) NOT NULL) ENGINE=InnoDB[0m
  [4;36;1mSQL (32.0ms)[0m   [0;1mCREATE UNIQUE INDEX `unique_schema_migrations` ON `schema_migrations` (`version`)[0m
  [4;35;1mSQL (0.3ms)[0m   [0mSHOW TABLES[0m
  [4;36;1mSQL (0.3ms)[0m   [0;1mSELECT version FROM schema_migrations[0m
Migrating to CreateUsers (20091126155346)
  [4;35;1mSQL (11.0ms)[0m   [0mCREATE TABLE `users` (`id` int(11) DEFAULT NULL auto_increment PRIMARY KEY, `created_at` datetime, `updated_at` datetime) ENGINE=InnoDB[0m
  [4;36;1mSQL (1.6ms)[0m   [0;1mINSERT INTO schema_migrations (version) VALUES ('20091126155346')[0m
  [4;35;1mSQL (0.3ms)[0m   [0mSHOW TABLES[0m
  [4;36;1mSQL (0.1ms)[0m   [0;1mSELECT version FROM schema_migrations[0m
  [4;35;1mSQL (0.1ms)[0m   [0mSHOW TABLES[0m
  [4;36;1mSQL (0.8ms)[0m   [0;1mSHOW FIELDS FROM `users`[0m
  [4;35;1mSQL (0.6ms)[0m   [0mdescribe `users`[0m
  [4;36;1mSQL (0.2ms)[0m   [0;1mSHOW KEYS FROM `users`[0m
  [4;36;1mSQL (0.1ms)[0m   [0;1mSET NAMES 'utf8'[0m
  [4;35;1mSQL (0.1ms)[0m   [0mSET SQL_AUTO_IS_NULL=0[0m


Processing UsersController#new (for 130.79.7.1 at 2009-12-03 15:52:30) [GET]
  Parameters: {"action"=>"new", "controller"=>"users"}
  [4;36;1mUser Columns (0.8ms)[0m   [0;1mSHOW FIELDS FROM `users`[0m
Rendering users/new

ActionView::TemplateError (undefined method `login' for #<User id: nil, created_at: nil, updated_at: nil>) on line #2 of app/views/users/_form.erb:
1: <%= form.label :login %><br />
2: <%= form.text_field :login %><br />
3: <br />
4: <%= form.label :password, form.object.new_record? ? nil : "Change 
5: password" %><br />

    app/views/users/_form.erb:2
    app/views/users/new.html.erb:5
    app/views/users/new.html.erb:3
    /usr/lib/ruby/1.8/webrick/httpserver.rb:104:in `service'
    /usr/lib/ruby/1.8/webrick/httpserver.rb:65:in `run'
    /usr/lib/ruby/1.8/webrick/server.rb:173:in `start_thread'
    /usr/lib/ruby/1.8/webrick/server.rb:162:in `start'
    /usr/lib/ruby/1.8/webrick/server.rb:162:in `start_thread'
    /usr/lib/ruby/1.8/webrick/server.rb:95:in `start'
    /usr/lib/ruby/1.8/webrick/server.rb:92:in `each'
    /usr/lib/ruby/1.8/webrick/server.rb:92:in `start'
    /usr/lib/ruby/1.8/webrick/server.rb:23:in `start'
    /usr/lib/ruby/1.8/webrick/server.rb:82:in `start'

Rendered rescues/_trace (95.7ms)
Rendered rescues/_request_and_response (1.3ms)
Rendering rescues/layout (internal_server_error)
  [4;35;1mSQL (0.1ms)[0m   [0mSET NAMES 'utf8'[0m
  [4;36;1mSQL (0.1ms)[0m   [0;1mSET SQL_AUTO_IS_NULL=0[0m


Processing UsersController#new (for 130.79.7.1 at 2009-12-03 15:52:32) [GET]
  Parameters: {"action"=>"new", "controller"=>"users"}
  [4;35;1mUser Columns (0.8ms)[0m   [0mSHOW FIELDS FROM `users`[0m
Rendering users/new

ActionView::TemplateError (undefined method `login' for #<User id: nil, created_at: nil, updated_at: nil>) on line #2 of app/views/users/_form.erb:
1: <%= form.label :login %><br />
2: <%= form.text_field :login %><br />
3: <br />
4: <%= form.label :password, form.object.new_record? ? nil : "Change 
5: password" %><br />

    app/views/users/_form.erb:2
    app/views/users/new.html.erb:5
    app/views/users/new.html.erb:3
    /usr/lib/ruby/1.8/webrick/httpserver.rb:104:in `service'
    /usr/lib/ruby/1.8/webrick/httpserver.rb:65:in `run'
    /usr/lib/ruby/1.8/webrick/server.rb:173:in `start_thread'
    /usr/lib/ruby/1.8/webrick/server.rb:162:in `start'
    /usr/lib/ruby/1.8/webrick/server.rb:162:in `start_thread'
    /usr/lib/ruby/1.8/webrick/server.rb:95:in `start'
    /usr/lib/ruby/1.8/webrick/server.rb:92:in `each'
    /usr/lib/ruby/1.8/webrick/server.rb:92:in `start'
    /usr/lib/ruby/1.8/webrick/server.rb:23:in `start'
    /usr/lib/ruby/1.8/webrick/server.rb:82:in `start'

Rendered rescues/_trace (101.0ms)
Rendered rescues/_request_and_response (0.3ms)
Rendering rescues/layout (internal_server_error)
  [4;36;1mSQL (0.0ms)[0m   [0;1mSET NAMES 'utf8'[0m
  [4;35;1mSQL (0.0ms)[0m   [0mSET SQL_AUTO_IS_NULL=0[0m


Processing UsersController#new (for 130.79.7.1 at 2009-12-03 15:52:33) [GET]
  Parameters: {"action"=>"new", "controller"=>"users"}
  [4;36;1mUser Columns (0.5ms)[0m   [0;1mSHOW FIELDS FROM `users`[0m
Rendering users/new

ActionView::TemplateError (undefined method `login' for #<User id: nil, created_at: nil, updated_at: nil>) on line #2 of app/views/users/_form.erb:
1: <%= form.label :login %><br />
2: <%= form.text_field :login %><br />
3: <br />
4: <%= form.label :password, form.object.new_record? ? nil : "Change 
5: password" %><br />

    app/views/users/_form.erb:2
    app/views/users/new.html.erb:5
    app/views/users/new.html.erb:3
    /usr/lib/ruby/1.8/webrick/httpserver.rb:104:in `service'
    /usr/lib/ruby/1.8/webrick/httpserver.rb:65:in `run'
    /usr/lib/ruby/1.8/webrick/server.rb:173:in `start_thread'
    /usr/lib/ruby/1.8/webrick/server.rb:162:in `start'
    /usr/lib/ruby/1.8/webrick/server.rb:162:in `start_thread'
    /usr/lib/ruby/1.8/webrick/server.rb:95:in `start'
    /usr/lib/ruby/1.8/webrick/server.rb:92:in `each'
    /usr/lib/ruby/1.8/webrick/server.rb:92:in `start'
    /usr/lib/ruby/1.8/webrick/server.rb:23:in `start'
    /usr/lib/ruby/1.8/webrick/server.rb:82:in `start'

Rendered rescues/_trace (99.7ms)
Rendered rescues/_request_and_response (0.3ms)
Rendering rescues/layout (internal_server_error)
  [4;35;1mSQL (0.1ms)[0m   [0mSET NAMES 'utf8'[0m
  [4;36;1mSQL (0.1ms)[0m   [0;1mSET SQL_AUTO_IS_NULL=0[0m


Processing UsersController#new (for 130.79.7.1 at 2009-12-03 15:52:45) [GET]
  Parameters: {"action"=>"new", "controller"=>"users"}
  [4;35;1mUser Columns (0.8ms)[0m   [0mSHOW FIELDS FROM `users`[0m
Rendering users/new

ActionView::TemplateError (undefined method `login' for #<User id: nil, created_at: nil, updated_at: nil>) on line #2 of app/views/users/_form.erb:
1: <%= form.label :login %><br />
2: <%= form.text_field :login %><br />
3: <br />
4: <%= form.label :password, form.object.new_record? ? nil : "Change 
5: password" %><br />

    app/views/users/_form.erb:2
    app/views/users/new.html.erb:5
    app/views/users/new.html.erb:3
    /usr/lib/ruby/1.8/webrick/httpserver.rb:104:in `service'
    /usr/lib/ruby/1.8/webrick/httpserver.rb:65:in `run'
    /usr/lib/ruby/1.8/webrick/server.rb:173:in `start_thread'
    /usr/lib/ruby/1.8/webrick/server.rb:162:in `start'
    /usr/lib/ruby/1.8/webrick/server.rb:162:in `start_thread'
    /usr/lib/ruby/1.8/webrick/server.rb:95:in `start'
    /usr/lib/ruby/1.8/webrick/server.rb:92:in `each'
    /usr/lib/ruby/1.8/webrick/server.rb:92:in `start'
    /usr/lib/ruby/1.8/webrick/server.rb:23:in `start'
    /usr/lib/ruby/1.8/webrick/server.rb:82:in `start'

Rendered rescues/_trace (102.4ms)
Rendered rescues/_request_and_response (0.3ms)
Rendering rescues/layout (internal_server_error)
  [4;36;1mSQL (0.1ms)[0m   [0;1mSET NAMES 'utf8'[0m
  [4;35;1mSQL (0.1ms)[0m   [0mSET SQL_AUTO_IS_NULL=0[0m
  [4;36;1mSQL (0.2ms)[0m   [0;1mSHOW TABLES[0m
  [4;35;1mSQL (31.3ms)[0m   [0mCREATE TABLE `schema_migrations` (`version` varchar(255) NOT NULL) ENGINE=InnoDB[0m
  [4;36;1mSQL (14.3ms)[0m   [0;1mCREATE UNIQUE INDEX `unique_schema_migrations` ON `schema_migrations` (`version`)[0m
  [4;35;1mSQL (0.3ms)[0m   [0mSHOW TABLES[0m
  [4;36;1mSQL (0.3ms)[0m   [0;1mSELECT version FROM schema_migrations[0m
Migrating to CreateUsers (20091126155346)
  [4;35;1mSQL (14.4ms)[0m   [0mCREATE TABLE `users` (`id` int(11) DEFAULT NULL auto_increment PRIMARY KEY, `created_at` datetime, `updated_at` datetime) ENGINE=InnoDB[0m
  [4;36;1mSQL (0.5ms)[0m   [0;1mINSERT INTO schema_migrations (version) VALUES ('20091126155346')[0m
  [4;35;1mSQL (0.3ms)[0m   [0mSHOW TABLES[0m
  [4;36;1mSQL (0.1ms)[0m   [0;1mSELECT version FROM schema_migrations[0m
  [4;35;1mSQL (0.1ms)[0m   [0mSHOW TABLES[0m
  [4;36;1mSQL (0.7ms)[0m   [0;1mSHOW FIELDS FROM `users`[0m
  [4;35;1mSQL (0.6ms)[0m   [0mdescribe `users`[0m
  [4;36;1mSQL (0.3ms)[0m   [0;1mSHOW KEYS FROM `users`[0m
  [4;36;1mSQL (0.1ms)[0m   [0;1mSET NAMES 'utf8'[0m
  [4;35;1mSQL (0.1ms)[0m   [0mSET SQL_AUTO_IS_NULL=0[0m


Processing UsersController#new (for 130.79.7.1 at 2009-12-03 15:54:22) [GET]
  Parameters: {"action"=>"new", "controller"=>"users"}
  [4;36;1mUser Columns (0.8ms)[0m   [0;1mSHOW FIELDS FROM `users`[0m
Rendering users/new

ActionView::TemplateError (undefined method `login' for #<User id: nil, created_at: nil, updated_at: nil>) on line #2 of app/views/users/_form.erb:
1: <%= form.label :login %><br />
2: <%= form.text_field :login %><br />
3: <br />
4: <%= form.label :password, form.object.new_record? ? nil : "Change 
5: password" %><br />

    app/views/users/_form.erb:2
    app/views/users/new.html.erb:5
    app/views/users/new.html.erb:3
    /usr/lib/ruby/1.8/webrick/httpserver.rb:104:in `service'
    /usr/lib/ruby/1.8/webrick/httpserver.rb:65:in `run'
    /usr/lib/ruby/1.8/webrick/server.rb:173:in `start_thread'
    /usr/lib/ruby/1.8/webrick/server.rb:162:in `start'
    /usr/lib/ruby/1.8/webrick/server.rb:162:in `start_thread'
    /usr/lib/ruby/1.8/webrick/server.rb:95:in `start'
    /usr/lib/ruby/1.8/webrick/server.rb:92:in `each'
    /usr/lib/ruby/1.8/webrick/server.rb:92:in `start'
    /usr/lib/ruby/1.8/webrick/server.rb:23:in `start'
    /usr/lib/ruby/1.8/webrick/server.rb:82:in `start'

Rendered rescues/_trace (91.2ms)
Rendered rescues/_request_and_response (1.3ms)
Rendering rescues/layout (internal_server_error)
  [4;35;1mSQL (0.0ms)[0m   [0mSET NAMES 'utf8'[0m
  [4;36;1mSQL (0.0ms)[0m   [0;1mSET SQL_AUTO_IS_NULL=0[0m


Processing UsersController#new (for 130.79.7.1 at 2009-12-03 15:54:24) [GET]
  Parameters: {"action"=>"new", "controller"=>"users"}
  [4;35;1mUser Columns (0.7ms)[0m   [0mSHOW FIELDS FROM `users`[0m
Rendering users/new

ActionView::TemplateError (undefined method `login' for #<User id: nil, created_at: nil, updated_at: nil>) on line #2 of app/views/users/_form.erb:
1: <%= form.label :login %><br />
2: <%= form.text_field :login %><br />
3: <br />
4: <%= form.label :password, form.object.new_record? ? nil : "Change 
5: password" %><br />

    app/views/users/_form.erb:2
    app/views/users/new.html.erb:5
    app/views/users/new.html.erb:3
    /usr/lib/ruby/1.8/webrick/httpserver.rb:104:in `service'
    /usr/lib/ruby/1.8/webrick/httpserver.rb:65:in `run'
    /usr/lib/ruby/1.8/webrick/server.rb:173:in `start_thread'
    /usr/lib/ruby/1.8/webrick/server.rb:162:in `start'
    /usr/lib/ruby/1.8/webrick/server.rb:162:in `start_thread'
    /usr/lib/ruby/1.8/webrick/server.rb:95:in `start'
    /usr/lib/ruby/1.8/webrick/server.rb:92:in `each'
    /usr/lib/ruby/1.8/webrick/server.rb:92:in `start'
    /usr/lib/ruby/1.8/webrick/server.rb:23:in `start'
    /usr/lib/ruby/1.8/webrick/server.rb:82:in `start'

Rendered rescues/_trace (98.8ms)
Rendered rescues/_request_and_response (0.3ms)
Rendering rescues/layout (internal_server_error)
  [4;36;1mSQL (0.0ms)[0m   [0;1mSET NAMES 'utf8'[0m
  [4;35;1mSQL (0.0ms)[0m   [0mSET SQL_AUTO_IS_NULL=0[0m


Processing UsersController#new (for 130.79.7.1 at 2009-12-03 15:54:26) [GET]
  Parameters: {"action"=>"new", "controller"=>"users"}
  [4;36;1mUser Columns (0.5ms)[0m   [0;1mSHOW FIELDS FROM `users`[0m
Rendering users/new

ActionView::TemplateError (undefined method `login' for #<User id: nil, created_at: nil, updated_at: nil>) on line #2 of app/views/users/_form.erb:
1: <%= form.label :login %><br />
2: <%= form.text_field :login %><br />
3: <br />
4: <%= form.label :password, form.object.new_record? ? nil : "Change 
5: password" %><br />

    app/views/users/_form.erb:2
    app/views/users/new.html.erb:5
    app/views/users/new.html.erb:3
    /usr/lib/ruby/1.8/webrick/httpserver.rb:104:in `service'
    /usr/lib/ruby/1.8/webrick/httpserver.rb:65:in `run'
    /usr/lib/ruby/1.8/webrick/server.rb:173:in `start_thread'
    /usr/lib/ruby/1.8/webrick/server.rb:162:in `start'
    /usr/lib/ruby/1.8/webrick/server.rb:162:in `start_thread'
    /usr/lib/ruby/1.8/webrick/server.rb:95:in `start'
    /usr/lib/ruby/1.8/webrick/server.rb:92:in `each'
    /usr/lib/ruby/1.8/webrick/server.rb:92:in `start'
    /usr/lib/ruby/1.8/webrick/server.rb:23:in `start'
    /usr/lib/ruby/1.8/webrick/server.rb:82:in `start'

Rendered rescues/_trace (98.6ms)
Rendered rescues/_request_and_response (0.3ms)
Rendering rescues/layout (internal_server_error)
  [4;35;1mSQL (0.1ms)[0m   [0mSET NAMES 'utf8'[0m
  [4;36;1mSQL (0.1ms)[0m   [0;1mSET SQL_AUTO_IS_NULL=0[0m


Processing UsersController#new (for 130.79.7.1 at 2009-12-03 15:57:59) [GET]
  Parameters: {"action"=>"new", "controller"=>"users"}
  [4;35;1mUser Columns (0.8ms)[0m   [0mSHOW FIELDS FROM `users`[0m
Rendering users/new

ActionView::TemplateError (undefined method `login' for #<User id: nil, created_at: nil, updated_at: nil>) on line #2 of app/views/users/_form.erb:
1: <%= form.label :login %><br />
2: <%= form.text_field :login %><br />
3: <br />
4: <%= form.label :password, form.object.new_record? ? nil : "Change 
5: password" %><br />

    app/views/users/_form.erb:2
    app/views/users/new.html.erb:5
    app/views/users/new.html.erb:3
    /usr/lib/ruby/1.8/webrick/httpserver.rb:104:in `service'
    /usr/lib/ruby/1.8/webrick/httpserver.rb:65:in `run'
    /usr/lib/ruby/1.8/webrick/server.rb:173:in `start_thread'
    /usr/lib/ruby/1.8/webrick/server.rb:162:in `start'
    /usr/lib/ruby/1.8/webrick/server.rb:162:in `start_thread'
    /usr/lib/ruby/1.8/webrick/server.rb:95:in `start'
    /usr/lib/ruby/1.8/webrick/server.rb:92:in `each'
    /usr/lib/ruby/1.8/webrick/server.rb:92:in `start'
    /usr/lib/ruby/1.8/webrick/server.rb:23:in `start'
    /usr/lib/ruby/1.8/webrick/server.rb:82:in `start'

Rendered rescues/_trace (98.8ms)
Rendered rescues/_request_and_response (0.3ms)
Rendering rescues/layout (internal_server_error)
  [4;36;1mSQL (0.1ms)[0m   [0;1mSET NAMES 'utf8'[0m
  [4;35;1mSQL (0.1ms)[0m   [0mSET SQL_AUTO_IS_NULL=0[0m


Processing UsersController#new (for 130.79.7.1 at 2009-12-03 16:01:24) [GET]
  Parameters: {"action"=>"new", "controller"=>"users"}
  [4;36;1mUser Columns (0.8ms)[0m   [0;1mSHOW FIELDS FROM `users`[0m
Rendering users/new

ActionView::TemplateError (undefined method `login' for #<User id: nil, created_at: nil, updated_at: nil>) on line #2 of app/views/users/_form.erb:
1: <%= form.label :login %><br />
2: <%= form.text_field :login %><br />
3: <br />
4: <%= form.label :password, form.object.new_record? ? nil : "Change 
5: password" %><br />

    app/views/users/_form.erb:2
    app/views/users/new.html.erb:5
    app/views/users/new.html.erb:3
    /usr/lib/ruby/1.8/webrick/httpserver.rb:104:in `service'
    /usr/lib/ruby/1.8/webrick/httpserver.rb:65:in `run'
    /usr/lib/ruby/1.8/webrick/server.rb:173:in `start_thread'
    /usr/lib/ruby/1.8/webrick/server.rb:162:in `start'
    /usr/lib/ruby/1.8/webrick/server.rb:162:in `start_thread'
    /usr/lib/ruby/1.8/webrick/server.rb:95:in `start'
    /usr/lib/ruby/1.8/webrick/server.rb:92:in `each'
    /usr/lib/ruby/1.8/webrick/server.rb:92:in `start'
    /usr/lib/ruby/1.8/webrick/server.rb:23:in `start'
    /usr/lib/ruby/1.8/webrick/server.rb:82:in `start'

Rendered rescues/_trace (97.7ms)
Rendered rescues/_request_and_response (0.3ms)
Rendering rescues/layout (internal_server_error)
  [4;35;1mSQL (0.0ms)[0m   [0mSET NAMES 'utf8'[0m
  [4;36;1mSQL (0.1ms)[0m   [0;1mSET SQL_AUTO_IS_NULL=0[0m


Processing UsersController#new (for 130.79.7.1 at 2009-12-03 16:01:26) [GET]
  Parameters: {"action"=>"new", "controller"=>"users"}
  [4;35;1mUser Columns (0.8ms)[0m   [0mSHOW FIELDS FROM `users`[0m
Rendering users/new

ActionView::TemplateError (undefined method `login' for #<User id: nil, created_at: nil, updated_at: nil>) on line #2 of app/views/users/_form.erb:
1: <%= form.label :login %><br />
2: <%= form.text_field :login %><br />
3: <br />
4: <%= form.label :password, form.object.new_record? ? nil : "Change 
5: password" %><br />

    app/views/users/_form.erb:2
    app/views/users/new.html.erb:5
    app/views/users/new.html.erb:3
    /usr/lib/ruby/1.8/webrick/httpserver.rb:104:in `service'
    /usr/lib/ruby/1.8/webrick/httpserver.rb:65:in `run'
    /usr/lib/ruby/1.8/webrick/server.rb:173:in `start_thread'
    /usr/lib/ruby/1.8/webrick/server.rb:162:in `start'
    /usr/lib/ruby/1.8/webrick/server.rb:162:in `start_thread'
    /usr/lib/ruby/1.8/webrick/server.rb:95:in `start'
    /usr/lib/ruby/1.8/webrick/server.rb:92:in `each'
    /usr/lib/ruby/1.8/webrick/server.rb:92:in `start'
    /usr/lib/ruby/1.8/webrick/server.rb:23:in `start'
    /usr/lib/ruby/1.8/webrick/server.rb:82:in `start'

Rendered rescues/_trace (45.8ms)
Rendered rescues/_request_and_response (0.3ms)
Rendering rescues/layout (internal_server_error)
  [4;36;1mSQL (0.1ms)[0m   [0;1mSET NAMES 'utf8'[0m
  [4;35;1mSQL (0.1ms)[0m   [0mSET SQL_AUTO_IS_NULL=0[0m
  [4;36;1mSQL (0.2ms)[0m   [0;1mSHOW TABLES[0m
  [4;35;1mSQL (23.4ms)[0m   [0mCREATE TABLE `schema_migrations` (`version` varchar(255) NOT NULL) ENGINE=InnoDB[0m
  [4;36;1mSQL (43.6ms)[0m   [0;1mCREATE UNIQUE INDEX `unique_schema_migrations` ON `schema_migrations` (`version`)[0m
  [4;35;1mSQL (0.3ms)[0m   [0mSHOW TABLES[0m
  [4;36;1mSQL (0.2ms)[0m   [0;1mSELECT version FROM schema_migrations[0m
Migrating to CreateUsers (20091126155346)
  [4;36;1mSQL (0.1ms)[0m   [0;1mSET NAMES 'utf8'[0m
  [4;35;1mSQL (0.1ms)[0m   [0mSET SQL_AUTO_IS_NULL=0[0m


Processing UsersController#new (for 130.79.7.1 at 2009-12-03 16:02:00) [GET]
  Parameters: {"action"=>"new", "controller"=>"users"}
  [4;36;1mUser Columns (0.0ms)[0m   [0;1mMysql::Error: Table 'licprosil_ars_mhelleringer.users' doesn't exist: SHOW FIELDS FROM `users`[0m
  [4;35;1mUser Columns (0.0ms)[0m   [0mMysql::Error: Table 'licprosil_ars_mhelleringer.users' doesn't exist: SHOW FIELDS FROM `users`[0m
  [4;36;1mUser Columns (0.0ms)[0m   [0;1mMysql::Error: Table 'licprosil_ars_mhelleringer.users' doesn't exist: SHOW FIELDS FROM `users`[0m
  [4;35;1mUser Columns (0.0ms)[0m   [0mMysql::Error: Table 'licprosil_ars_mhelleringer.users' doesn't exist: SHOW FIELDS FROM `users`[0m
  [4;36;1mUser Columns (0.0ms)[0m   [0;1mMysql::Error: Table 'licprosil_ars_mhelleringer.users' doesn't exist: SHOW FIELDS FROM `users`[0m
  [4;35;1mUser Columns (0.0ms)[0m   [0mMysql::Error: Table 'licprosil_ars_mhelleringer.users' doesn't exist: SHOW FIELDS FROM `users`[0m
  [4;36;1mUser Columns (0.0ms)[0m   [0;1mMysql::Error: Table 'licprosil_ars_mhelleringer.users' doesn't exist: SHOW FIELDS FROM `users`[0m
  [4;35;1mUser Columns (0.0ms)[0m   [0mMysql::Error: Table 'licprosil_ars_mhelleringer.users' doesn't exist: SHOW FIELDS FROM `users`[0m
  [4;36;1mUser Columns (0.0ms)[0m   [0;1mMysql::Error: Table 'licprosil_ars_mhelleringer.users' doesn't exist: SHOW FIELDS FROM `users`[0m
  [4;35;1mUser Columns (0.0ms)[0m   [0mMysql::Error: Table 'licprosil_ars_mhelleringer.users' doesn't exist: SHOW FIELDS FROM `users`[0m
  [4;36;1mUser Columns (0.0ms)[0m   [0;1mMysql::Error: Table 'licprosil_ars_mhelleringer.users' doesn't exist: SHOW FIELDS FROM `users`[0m
  [4;35;1mUser Columns (0.0ms)[0m   [0mMysql::Error: Table 'licprosil_ars_mhelleringer.users' doesn't exist: SHOW FIELDS FROM `users`[0m

ActiveRecord::StatementInvalid (Mysql::Error: Table 'licprosil_ars_mhelleringer.users' doesn't exist: SHOW FIELDS FROM `users`):
  app/controllers/users_controller.rb:6:in `new'
  app/controllers/users_controller.rb:6:in `new'
  /usr/lib/ruby/1.8/webrick/httpserver.rb:104:in `service'
  /usr/lib/ruby/1.8/webrick/httpserver.rb:65:in `run'
  /usr/lib/ruby/1.8/webrick/server.rb:173:in `start_thread'
  /usr/lib/ruby/1.8/webrick/server.rb:162:in `start'
  /usr/lib/ruby/1.8/webrick/server.rb:162:in `start_thread'
  /usr/lib/ruby/1.8/webrick/server.rb:95:in `start'
  /usr/lib/ruby/1.8/webrick/server.rb:92:in `each'
  /usr/lib/ruby/1.8/webrick/server.rb:92:in `start'
  /usr/lib/ruby/1.8/webrick/server.rb:23:in `start'
  /usr/lib/ruby/1.8/webrick/server.rb:82:in `start'

Rendered rescues/_trace (31.0ms)
Rendered rescues/_request_and_response (1.3ms)
Rendering rescues/layout (internal_server_error)
  [4;36;1mSQL (0.1ms)[0m   [0;1mSET NAMES 'utf8'[0m
  [4;35;1mSQL (0.1ms)[0m   [0mSET SQL_AUTO_IS_NULL=0[0m


Processing UsersController#new (for 130.79.7.1 at 2009-12-03 16:02:03) [GET]
  Parameters: {"action"=>"new", "controller"=>"users"}
  [4;36;1mUser Columns (0.0ms)[0m   [0;1mMysql::Error: Table 'licprosil_ars_mhelleringer.users' doesn't exist: SHOW FIELDS FROM `users`[0m
  [4;35;1mUser Columns (0.0ms)[0m   [0mMysql::Error: Table 'licprosil_ars_mhelleringer.users' doesn't exist: SHOW FIELDS FROM `users`[0m
  [4;36;1mUser Columns (0.0ms)[0m   [0;1mMysql::Error: Table 'licprosil_ars_mhelleringer.users' doesn't exist: SHOW FIELDS FROM `users`[0m
  [4;35;1mUser Columns (0.0ms)[0m   [0mMysql::Error: Table 'licprosil_ars_mhelleringer.users' doesn't exist: SHOW FIELDS FROM `users`[0m
  [4;36;1mUser Columns (0.0ms)[0m   [0;1mMysql::Error: Table 'licprosil_ars_mhelleringer.users' doesn't exist: SHOW FIELDS FROM `users`[0m
  [4;35;1mUser Columns (0.0ms)[0m   [0mMysql::Error: Table 'licprosil_ars_mhelleringer.users' doesn't exist: SHOW FIELDS FROM `users`[0m
  [4;36;1mUser Columns (0.0ms)[0m   [0;1mMysql::Error: Table 'licprosil_ars_mhelleringer.users' doesn't exist: SHOW FIELDS FROM `users`[0m
  [4;35;1mUser Columns (0.0ms)[0m   [0mMysql::Error: Table 'licprosil_ars_mhelleringer.users' doesn't exist: SHOW FIELDS FROM `users`[0m
  [4;36;1mUser Columns (0.0ms)[0m   [0;1mMysql::Error: Table 'licprosil_ars_mhelleringer.users' doesn't exist: SHOW FIELDS FROM `users`[0m
  [4;35;1mUser Columns (0.0ms)[0m   [0mMysql::Error: Table 'licprosil_ars_mhelleringer.users' doesn't exist: SHOW FIELDS FROM `users`[0m
  [4;36;1mUser Columns (0.0ms)[0m   [0;1mMysql::Error: Table 'licprosil_ars_mhelleringer.users' doesn't exist: SHOW FIELDS FROM `users`[0m
  [4;35;1mUser Columns (0.0ms)[0m   [0mMysql::Error: Table 'licprosil_ars_mhelleringer.users' doesn't exist: SHOW FIELDS FROM `users`[0m

ActiveRecord::StatementInvalid (Mysql::Error: Table 'licprosil_ars_mhelleringer.users' doesn't exist: SHOW FIELDS FROM `users`):
  app/controllers/users_controller.rb:6:in `new'
  app/controllers/users_controller.rb:6:in `new'
  /usr/lib/ruby/1.8/webrick/httpserver.rb:104:in `service'
  /usr/lib/ruby/1.8/webrick/httpserver.rb:65:in `run'
  /usr/lib/ruby/1.8/webrick/server.rb:173:in `start_thread'
  /usr/lib/ruby/1.8/webrick/server.rb:162:in `start'
  /usr/lib/ruby/1.8/webrick/server.rb:162:in `start_thread'
  /usr/lib/ruby/1.8/webrick/server.rb:95:in `start'
  /usr/lib/ruby/1.8/webrick/server.rb:92:in `each'
  /usr/lib/ruby/1.8/webrick/server.rb:92:in `start'
  /usr/lib/ruby/1.8/webrick/server.rb:23:in `start'
  /usr/lib/ruby/1.8/webrick/server.rb:82:in `start'

Rendered rescues/_trace (30.6ms)
Rendered rescues/_request_and_response (0.3ms)
Rendering rescues/layout (internal_server_error)
  [4;36;1mSQL (0.2ms)[0m   [0;1mSET NAMES 'utf8'[0m
  [4;35;1mSQL (0.1ms)[0m   [0mSET SQL_AUTO_IS_NULL=0[0m
  [4;36;1mSQL (0.3ms)[0m   [0;1mSHOW TABLES[0m
  [4;35;1mSQL (11.4ms)[0m   [0mCREATE TABLE `schema_migrations` (`version` varchar(255) NOT NULL) ENGINE=InnoDB[0m
  [4;36;1mSQL (35.5ms)[0m   [0;1mCREATE UNIQUE INDEX `unique_schema_migrations` ON `schema_migrations` (`version`)[0m
  [4;35;1mSQL (0.3ms)[0m   [0mSHOW TABLES[0m
  [4;36;1mSQL (0.3ms)[0m   [0;1mSELECT version FROM schema_migrations[0m
Migrating to CreateUsers (20091126155346)
  [4;35;1mSQL (22.9ms)[0m   [0mCREATE TABLE `users` (`id` int(11) DEFAULT NULL auto_increment PRIMARY KEY, `login` varchar(255) NOT NULL, `email` varchar(255) NOT NULL, `crypted_password` varchar(255) NOT NULL, `password_salt` varchar(255) NOT NULL, `persistence_token` varchar(255) NOT NULL, `single_access_token` varchar(255) NOT NULL, `perishable_token` varchar(255) NOT NULL, `login_count` int(11) DEFAULT 0 NOT NULL, `failed_login_count` int(11) DEFAULT 0 NOT NULL, `last_request_at` datetime, `current_login_at` datetime, `last_login_at` datetime, `current_login_ip` varchar(255), `last_login_ip` varchar(255), `created_at` datetime, `updated_at` datetime) ENGINE=InnoDB[0m
  [4;36;1mSQL (0.5ms)[0m   [0;1mINSERT INTO schema_migrations (version) VALUES ('20091126155346')[0m
  [4;35;1mSQL (0.3ms)[0m   [0mSHOW TABLES[0m
  [4;36;1mSQL (0.1ms)[0m   [0;1mSELECT version FROM schema_migrations[0m
  [4;35;1mSQL (0.1ms)[0m   [0mSHOW TABLES[0m
  [4;36;1mSQL (1.3ms)[0m   [0;1mSHOW FIELDS FROM `users`[0m
  [4;35;1mSQL (1.1ms)[0m   [0mdescribe `users`[0m
  [4;36;1mSQL (0.2ms)[0m   [0;1mSHOW KEYS FROM `users`[0m
  [4;36;1mSQL (0.1ms)[0m   [0;1mSET NAMES 'utf8'[0m
  [4;35;1mSQL (0.1ms)[0m   [0mSET SQL_AUTO_IS_NULL=0[0m


Processing UsersController#new (for 130.79.7.1 at 2009-12-03 16:04:32) [GET]
  Parameters: {"action"=>"new", "controller"=>"users"}
  [4;36;1mUser Columns (1.5ms)[0m   [0;1mSHOW FIELDS FROM `users`[0m
Rendering users/new
Rendered users/_form (2.7ms)
Completed in 53ms (View: 31, DB: 2) | 200 OK [http://codd.u-strasbg.fr/account/new]
  [4;35;1mSQL (0.1ms)[0m   [0mSET NAMES 'utf8'[0m
  [4;36;1mSQL (0.1ms)[0m   [0;1mSET SQL_AUTO_IS_NULL=0[0m


Processing UsersController#create (for 130.79.7.1 at 2009-12-03 16:05:52) [POST]
  Parameters: {"commit"=>"Register", "action"=>"create", "authenticity_token"=>"Y1FDGjz8AOX6g5NtcFrhx0Bn4yOZGslJt1t85PR6wVE=", "controller"=>"users", "user"=>{"password_confirmation"=>"[FILTERED]", "password"=>"[FILTERED]", "login"=>"turbosurricat"}}
  [4;35;1mUser Columns (1.2ms)[0m   [0mSHOW FIELDS FROM `users`[0m
  [4;36;1mSQL (0.1ms)[0m   [0;1mBEGIN[0m
  [4;35;1mUser Load (0.3ms)[0m   [0mSELECT `users`.id FROM `users` WHERE (LOWER(`users`.`login`) = BINARY 'turbosurricat') LIMIT 1[0m
  [4;36;1mUser Load (0.2ms)[0m   [0;1mSELECT `users`.id FROM `users` WHERE (`users`.`persistence_token` = BINARY 'a2368a44417a54d4cd5828344455eb5c541868bbcb02ff7b3223506f8da2d930a4ffdb0bab149930a4e664b8ed2f387e7a0abeca019ad478d8f29a8bec6ea084') LIMIT 1[0m
  [4;35;1mUser Load (0.1ms)[0m   [0mSELECT `users`.id FROM `users` WHERE (`users`.`single_access_token` = BINARY 'aUnIJkAo6oRgvkmUPwfc') LIMIT 1[0m
  [4;36;1mSQL (0.1ms)[0m   [0;1mROLLBACK[0m
Rendering users/new
Rendered users/_form (1.8ms)
Completed in 184ms (View: 9, DB: 2) | 200 OK [http://codd.u-strasbg.fr/account]
  [4;35;1mSQL (0.1ms)[0m   [0mSET NAMES 'utf8'[0m
  [4;36;1mSQL (0.1ms)[0m   [0;1mSET SQL_AUTO_IS_NULL=0[0m


Processing UsersController#create (for 130.79.7.1 at 2009-12-03 16:05:59) [POST]
  Parameters: {"commit"=>"Register", "action"=>"create", "authenticity_token"=>"Y1FDGjz8AOX6g5NtcFrhx0Bn4yOZGslJt1t85PR6wVE=", "controller"=>"users", "user"=>{"password_confirmation"=>"[FILTERED]", "password"=>"[FILTERED]", "login"=>"turbosurricat"}}
  [4;35;1mUser Columns (1.2ms)[0m   [0mSHOW FIELDS FROM `users`[0m
  [4;36;1mSQL (0.1ms)[0m   [0;1mBEGIN[0m
  [4;35;1mUser Load (0.2ms)[0m   [0mSELECT `users`.id FROM `users` WHERE (LOWER(`users`.`login`) = BINARY 'turbosurricat') LIMIT 1[0m
  [4;36;1mUser Load (0.1ms)[0m   [0;1mSELECT `users`.id FROM `users` WHERE (`users`.`persistence_token` = BINARY '490427065a9da141312fb2b6b1bcd187739de8e5d120d0703a0245c1401fefac654124cc4db17e45881fc79c721f97bab6edc50702610f567f187617735a34e0') LIMIT 1[0m
  [4;35;1mUser Load (0.1ms)[0m   [0mSELECT `users`.id FROM `users` WHERE (`users`.`single_access_token` = BINARY 'hmitLdWLWTtS6sAJ3gtE') LIMIT 1[0m
  [4;36;1mSQL (0.1ms)[0m   [0;1mROLLBACK[0m
Rendering users/new
Rendered users/_form (1.7ms)
Completed in 30ms (View: 8, DB: 2) | 200 OK [http://codd.u-strasbg.fr/account]
  [4;35;1mSQL (0.1ms)[0m   [0mSET NAMES 'utf8'[0m
  [4;36;1mSQL (0.1ms)[0m   [0;1mSET SQL_AUTO_IS_NULL=0[0m


Processing UsersController#create (for 130.79.7.1 at 2009-12-03 16:29:16) [POST]
  Parameters: {"commit"=>"Register", "action"=>"create", "authenticity_token"=>"Y1FDGjz8AOX6g5NtcFrhx0Bn4yOZGslJt1t85PR6wVE=", "controller"=>"users", "user"=>{"password_confirmation"=>"[FILTERED]", "password"=>"[FILTERED]", "login"=>"turbosurricat"}}
  [4;35;1mUser Columns (1.2ms)[0m   [0mSHOW FIELDS FROM `users`[0m
  [4;36;1mSQL (0.1ms)[0m   [0;1mBEGIN[0m
  [4;35;1mUser Load (0.2ms)[0m   [0mSELECT `users`.id FROM `users` WHERE (LOWER(`users`.`login`) = BINARY 'turbosurricat') LIMIT 1[0m
  [4;36;1mUser Load (0.1ms)[0m   [0;1mSELECT `users`.id FROM `users` WHERE (`users`.`persistence_token` = BINARY '486a8751f5b5ed025f1ff198e9e7c3fcf79a33fed30b329385fa839874cacc20835fc8b6f62aefc8ae0fcebbb39caed5d2bf61204c5f99576250e823df61d2f2') LIMIT 1[0m
  [4;35;1mUser Load (0.1ms)[0m   [0mSELECT `users`.id FROM `users` WHERE (`users`.`single_access_token` = BINARY 'OK1smzEtwj2St4avR3c4') LIMIT 1[0m
  [4;36;1mSQL (0.1ms)[0m   [0;1mROLLBACK[0m
Rendering users/new
Rendered users/_form (5.8ms)
Completed in 45ms (View: 15, DB: 2) | 200 OK [http://codd.u-strasbg.fr/account]
  [4;35;1mSQL (0.1ms)[0m   [0mSET NAMES 'utf8'[0m
  [4;36;1mSQL (0.0ms)[0m   [0;1mSET SQL_AUTO_IS_NULL=0[0m


Processing UsersController#create (for 130.79.7.1 at 2009-12-03 16:29:33) [POST]
  Parameters: {"commit"=>"Register", "action"=>"create", "authenticity_token"=>"Y1FDGjz8AOX6g5NtcFrhx0Bn4yOZGslJt1t85PR6wVE=", "controller"=>"users", "user"=>{"password_confirmation"=>"[FILTERED]", "password"=>"[FILTERED]", "login"=>"turbosurricat", "email"=>"matthieu.helleringer@gmail.com"}}
  [4;35;1mUser Columns (1.5ms)[0m   [0mSHOW FIELDS FROM `users`[0m
  [4;36;1mSQL (0.1ms)[0m   [0;1mBEGIN[0m
  [4;35;1mUser Load (0.3ms)[0m   [0mSELECT `users`.id FROM `users` WHERE (LOWER(`users`.`email`) = BINARY 'matthieu.helleringer@gmail.com') LIMIT 1[0m
  [4;36;1mUser Load (0.2ms)[0m   [0;1mSELECT `users`.id FROM `users` WHERE (LOWER(`users`.`login`) = BINARY 'turbosurricat') LIMIT 1[0m
  [4;35;1mUser Load (0.2ms)[0m   [0mSELECT `users`.id FROM `users` WHERE (`users`.`persistence_token` = BINARY '0a495e8f23b33fc5e9e1d0ae056d7e53bc175c3da94bb601490d9c9c450a7e24f4a8c63b23c9bd694545f2919bd83ddac844a8a5f4a903b1a9f55692a2c421c5') LIMIT 1[0m
  [4;36;1mUser Load (0.1ms)[0m   [0;1mSELECT `users`.id FROM `users` WHERE (`users`.`single_access_token` = BINARY 'Ek348i6022J01ttRZ1et') LIMIT 1[0m
  [4;35;1mUser Create (0.4ms)[0m   [0mINSERT INTO `users` (`single_access_token`, `last_request_at`, `created_at`, `crypted_password`, `perishable_token`, `updated_at`, `failed_login_count`, `current_login_ip`, `password_salt`, `current_login_at`, `persistence_token`, `login_count`, `last_login_ip`, `login`, `last_login_at`, `email`) VALUES('Ek348i6022J01ttRZ1et', '2009-12-03 15:29:33', '2009-12-03 15:29:33', '675e5cf35e1043da678020a9a7c1ab166fed4a4b7927d4dbe35d6fc23a8d23abb95bd60b7d85416b3895057f04ec980e0180c4675ef06490b31fe99805821f8a', 'h7F54QMRPMuKGoCXi-zc', '2009-12-03 15:29:33', 0, '130.79.7.1', 'OfYJzLsZsav3AF4oQtFc', '2009-12-03 15:29:33', '0a495e8f23b33fc5e9e1d0ae056d7e53bc175c3da94bb601490d9c9c450a7e24f4a8c63b23c9bd694545f2919bd83ddac844a8a5f4a903b1a9f55692a2c421c5', 1, NULL, 'turbosurricat', NULL, 'matthieu.helleringer@gmail.com')[0m
  [4;36;1mSQL (0.6ms)[0m   [0;1mCOMMIT[0m
Redirected to http://codd.u-strasbg.fr:2203/account
Completed in 134ms (DB: 4) | 302 Found [http://codd.u-strasbg.fr/account]
  [4;35;1mSQL (0.1ms)[0m   [0mSET NAMES 'utf8'[0m
  [4;36;1mSQL (0.1ms)[0m   [0;1mSET SQL_AUTO_IS_NULL=0[0m


Processing UsersController#show (for 130.79.7.1 at 2009-12-03 16:29:33) [GET]
  Parameters: {"action"=>"show", "controller"=>"users"}
  [4;35;1mUser Columns (1.2ms)[0m   [0mSHOW FIELDS FROM `users`[0m
  [4;36;1mUser Load (0.3ms)[0m   [0;1mSELECT * FROM `users` WHERE (`users`.`persistence_token` = '0a495e8f23b33fc5e9e1d0ae056d7e53bc175c3da94bb601490d9c9c450a7e24f4a8c63b23c9bd694545f2919bd83ddac844a8a5f4a903b1a9f55692a2c421c5') LIMIT 1[0m
  [4;35;1mSQL (0.1ms)[0m   [0mBEGIN[0m
  [4;36;1mUser Update (0.3ms)[0m   [0;1mUPDATE `users` SET `updated_at` = '2009-12-03 15:29:33', `perishable_token` = 'tDBGPBSwzy1D-GrJZ3zz', `last_request_at` = '2009-12-03 15:29:33' WHERE `id` = 1[0m
  [4;35;1mSQL (0.5ms)[0m   [0mCOMMIT[0m
Rendering users/show
Completed in 37ms (View: 6, DB: 3) | 200 OK [http://codd.u-strasbg.fr/account]
  [4;36;1mSQL (0.1ms)[0m   [0;1mSET NAMES 'utf8'[0m
  [4;35;1mSQL (0.1ms)[0m   [0mSET SQL_AUTO_IS_NULL=0[0m


Processing UsersController#edit (for 130.79.7.1 at 2009-12-03 16:29:41) [GET]
  Parameters: {"action"=>"edit", "controller"=>"users"}
  [4;36;1mUser Columns (1.2ms)[0m   [0;1mSHOW FIELDS FROM `users`[0m
  [4;35;1mUser Load (0.3ms)[0m   [0mSELECT * FROM `users` WHERE (`users`.`persistence_token` = '0a495e8f23b33fc5e9e1d0ae056d7e53bc175c3da94bb601490d9c9c450a7e24f4a8c63b23c9bd694545f2919bd83ddac844a8a5f4a903b1a9f55692a2c421c5') LIMIT 1[0m
  [4;36;1mSQL (0.1ms)[0m   [0;1mBEGIN[0m
  [4;35;1mUser Update (0.3ms)[0m   [0mUPDATE `users` SET `updated_at` = '2009-12-03 15:29:41', `perishable_token` = 'ZofF2GfH1401w8N0_qRd', `last_request_at` = '2009-12-03 15:29:41' WHERE `id` = 1[0m
  [4;36;1mSQL (0.6ms)[0m   [0;1mCOMMIT[0m
Rendering users/edit
Rendered users/_form (1.9ms)
Completed in 33ms (View: 9, DB: 3) | 200 OK [http://codd.u-strasbg.fr/account/edit]
  [4;35;1mSQL (0.1ms)[0m   [0mSET NAMES 'utf8'[0m
  [4;36;1mSQL (0.1ms)[0m   [0;1mSET SQL_AUTO_IS_NULL=0[0m


Processing UsersController#new (for 130.79.7.1 at 2009-12-03 16:30:32) [GET]
  Parameters: {"action"=>"new", "controller"=>"users"}
  [4;35;1mUser Columns (1.2ms)[0m   [0mSHOW FIELDS FROM `users`[0m
  [4;36;1mUser Load (0.3ms)[0m   [0;1mSELECT * FROM `users` WHERE (`users`.`persistence_token` = '0a495e8f23b33fc5e9e1d0ae056d7e53bc175c3da94bb601490d9c9c450a7e24f4a8c63b23c9bd694545f2919bd83ddac844a8a5f4a903b1a9f55692a2c421c5') LIMIT 1[0m
  [4;35;1mSQL (0.1ms)[0m   [0mBEGIN[0m
  [4;36;1mUser Update (0.3ms)[0m   [0;1mUPDATE `users` SET `updated_at` = '2009-12-03 15:30:32', `perishable_token` = 'ZJwiBP0wX5w0AkpFHEM5', `last_request_at` = '2009-12-03 15:30:32' WHERE `id` = 1[0m
  [4;35;1mSQL (13.4ms)[0m   [0mCOMMIT[0m
Redirected to http://codd.u-strasbg.fr:2203/account
Filter chain halted as [:require_no_user] rendered_or_redirected.
Completed in 113ms (DB: 16) | 302 Found [http://codd.u-strasbg.fr/account/new]
  [4;36;1mSQL (0.0ms)[0m   [0;1mSET NAMES 'utf8'[0m
  [4;35;1mSQL (0.0ms)[0m   [0mSET SQL_AUTO_IS_NULL=0[0m


Processing UsersController#show (for 130.79.7.1 at 2009-12-03 16:30:32) [GET]
  Parameters: {"action"=>"show", "controller"=>"users"}
  [4;36;1mUser Columns (1.2ms)[0m   [0;1mSHOW FIELDS FROM `users`[0m
  [4;35;1mUser Load (0.3ms)[0m   [0mSELECT * FROM `users` WHERE (`users`.`persistence_token` = '0a495e8f23b33fc5e9e1d0ae056d7e53bc175c3da94bb601490d9c9c450a7e24f4a8c63b23c9bd694545f2919bd83ddac844a8a5f4a903b1a9f55692a2c421c5') LIMIT 1[0m
  [4;36;1mSQL (0.1ms)[0m   [0;1mBEGIN[0m
  [4;35;1mUser Update (0.3ms)[0m   [0mUPDATE `users` SET `updated_at` = '2009-12-03 15:30:32', `perishable_token` = 'S-g2YzGTYQ4w2nObQl0k', `last_request_at` = '2009-12-03 15:30:32' WHERE `id` = 1[0m
  [4;36;1mSQL (0.5ms)[0m   [0;1mCOMMIT[0m
Rendering users/show
Completed in 26ms (View: 1, DB: 3) | 200 OK [http://codd.u-strasbg.fr/account]
